01.05.12 00:40:29 org.neo4j.server.NeoServerWithEmbeddedWebServer INFO: Starting Neo Server on port [7474] with [40] threads available
01.05.12 00:40:29 org.neo4j.server.NeoServerWithEmbeddedWebServer INFO: Enabling HTTPS on port [7473]
01.05.12 00:40:29 org.neo4j.server.NeoServerWithEmbeddedWebServer INFO: No SSL certificate found, generating a self-signed certificate..
01.05.12 00:40:30 org.neo4j.server.database.Database INFO: Using database at /home/tobias/Downloads/neo4j-community-1.7/data/graph.db
01.05.12 00:40:33 org.neo4j.server.modules.DiscoveryModule INFO: Mounted discovery module at [/]
01.05.12 00:40:33 org.neo4j.server.plugins.PluginManager INFO: Loaded server plugin "CypherPlugin"
01.05.12 00:40:33 org.neo4j.server.plugins.PluginManager INFO: Loaded server plugin "GremlinPlugin"
01.05.12 00:40:33 org.neo4j.server.modules.RESTApiModule INFO: Mounted REST API at [/db/data/]
01.05.12 00:40:33 org.neo4j.server.modules.ManagementApiModule INFO: Mounted management API at [/db/manage/]
01.05.12 00:40:33 org.neo4j.server.modules.WebAdminModule INFO: Mounted webadmin at [/webadmin]
01.05.12 00:40:33 org.neo4j.server.web.Jetty6WebServer INFO: Mounting static content at [/webadmin] from [webadmin-html]
01.05.12 00:40:34 org.neo4j.server.statistic.StatisticStartupListener INFO: adding statistic-filter to /webadmin
01.05.12 00:40:34 org.neo4j.server.statistic.StatisticStartupListener INFO: adding statistic-filter to /db/manage
01.05.12 00:40:34 org.neo4j.server.statistic.StatisticStartupListener INFO: adding statistic-filter to /db/data
01.05.12 00:40:34 org.neo4j.server.statistic.StatisticStartupListener INFO: adding statistic-filter to /
01.05.12 00:40:34 org.neo4j.server.NeoServerWithEmbeddedWebServer INFO: Server started on [http://localhost:7474/]
01.05.12 00:42:34 org.neo4j.server.NeoServerBootstrapper INFO: Neo4j Server shutdown initiated by kill signal
13.05.12 00:41:14 org.neo4j.server.NeoServerWithEmbeddedWebServer INFO: Starting Neo Server on port [7474] with [40] threads available
13.05.12 00:41:14 org.neo4j.server.NeoServerWithEmbeddedWebServer INFO: Enabling HTTPS on port [7473]
13.05.12 00:41:14 org.neo4j.server.database.Database INFO: Using database at /home/tobias/Downloads/neo4j-community-1.7/data/graph.db
13.05.12 00:41:16 org.neo4j.server.modules.DiscoveryModule INFO: Mounted discovery module at [/]
13.05.12 00:41:16 org.neo4j.server.plugins.PluginManager INFO: Loaded server plugin "CypherPlugin"
13.05.12 00:41:16 org.neo4j.server.plugins.PluginManager INFO: Loaded server plugin "GremlinPlugin"
13.05.12 00:41:16 org.neo4j.server.modules.RESTApiModule INFO: Mounted REST API at [/db/data/]
13.05.12 00:41:16 org.neo4j.server.modules.ManagementApiModule INFO: Mounted management API at [/db/manage/]
13.05.12 00:41:16 org.neo4j.server.modules.WebAdminModule INFO: Mounted webadmin at [/webadmin]
13.05.12 00:41:16 org.neo4j.server.web.Jetty6WebServer INFO: Mounting static content at [/webadmin] from [webadmin-html]
13.05.12 00:41:17 org.neo4j.server.statistic.StatisticStartupListener INFO: adding statistic-filter to /webadmin
13.05.12 00:41:17 org.neo4j.server.statistic.StatisticStartupListener INFO: adding statistic-filter to /db/manage
13.05.12 00:41:17 org.neo4j.server.statistic.StatisticStartupListener INFO: adding statistic-filter to /db/data
13.05.12 00:41:17 org.neo4j.server.statistic.StatisticStartupListener INFO: adding statistic-filter to /
13.05.12 00:41:17 org.neo4j.server.NeoServerWithEmbeddedWebServer INFO: Server started on [http://localhost:7474/]
26.05.12 20:33:41 org.neo4j.server.NeoServerBootstrapper INFO: Neo4j Server shutdown initiated by kill signal
26.05.12 20:33:41 org.neo4j.server.statistic.StatisticStartupListener INFO: stopping filter
26.05.12 20:33:42 org.neo4j.server.statistic.StatisticStartupListener INFO: stopping listeneer
26.05.12 20:33:42 org.neo4j.server.NeoServerWithEmbeddedWebServer INFO: Successfully shutdown Neo Server on port [7474]
29.05.12 14:34:52 org.neo4j.server.NeoServerWithEmbeddedWebServer INFO: Starting Neo Server on port [7474] with [40] threads available
29.05.12 14:34:53 org.neo4j.server.NeoServerWithEmbeddedWebServer INFO: Enabling HTTPS on port [7473]
29.05.12 14:34:53 org.neo4j.server.database.Database INFO: Using database at /home/tobias/Downloads/neo4j-community-1.7/data/graph.db
29.05.12 14:34:55 org.neo4j.server.modules.DiscoveryModule INFO: Mounted discovery module at [/]
29.05.12 14:34:55 org.neo4j.server.plugins.PluginManager INFO: Loaded server plugin "CypherPlugin"
29.05.12 14:34:55 org.neo4j.server.plugins.PluginManager INFO: Loaded server plugin "GremlinPlugin"
29.05.12 14:34:55 org.neo4j.server.modules.RESTApiModule INFO: Mounted REST API at [/db/data/]
29.05.12 14:34:55 org.neo4j.server.modules.ManagementApiModule INFO: Mounted management API at [/db/manage/]
29.05.12 14:34:56 org.neo4j.server.modules.WebAdminModule INFO: Mounted webadmin at [/webadmin]
29.05.12 14:34:56 org.neo4j.server.web.Jetty6WebServer INFO: Mounting static content at [/webadmin] from [webadmin-html]
29.05.12 14:34:57 org.neo4j.server.statistic.StatisticStartupListener INFO: adding statistic-filter to /webadmin
29.05.12 14:34:57 org.neo4j.server.statistic.StatisticStartupListener INFO: adding statistic-filter to /db/manage
29.05.12 14:34:57 org.neo4j.server.statistic.StatisticStartupListener INFO: adding statistic-filter to /db/data
29.05.12 14:34:57 org.neo4j.server.statistic.StatisticStartupListener INFO: adding statistic-filter to /
29.05.12 14:34:57 org.neo4j.server.NeoServerWithEmbeddedWebServer INFO: Server started on [http://localhost:7474/]
06.06.12 16:02:12 org.neo4j.server.NeoServerWithEmbeddedWebServer INFO: Starting Neo Server on port [7474] with [40] threads available
06.06.12 16:02:12 org.neo4j.server.NeoServerWithEmbeddedWebServer INFO: Enabling HTTPS on port [7473]
06.06.12 16:02:13 org.neo4j.server.database.Database INFO: Using database at /home/tobias/Downloads/neo4j-community-1.7/data/graph.db
06.06.12 16:02:21 org.neo4j.server.modules.DiscoveryModule INFO: Mounted discovery module at [/]
06.06.12 16:02:21 org.neo4j.server.plugins.PluginManager INFO: Loaded server plugin "CypherPlugin"
06.06.12 16:02:21 org.neo4j.server.plugins.PluginManager INFO: Loaded server plugin "GremlinPlugin"
06.06.12 16:02:21 org.neo4j.server.modules.RESTApiModule INFO: Mounted REST API at [/db/data/]
06.06.12 16:02:21 org.neo4j.server.modules.ManagementApiModule INFO: Mounted management API at [/db/manage/]
06.06.12 16:02:21 org.neo4j.server.modules.WebAdminModule INFO: Mounted webadmin at [/webadmin]
06.06.12 16:02:21 org.neo4j.server.web.Jetty6WebServer INFO: Mounting static content at [/webadmin] from [webadmin-html]
06.06.12 16:02:23 org.neo4j.server.statistic.StatisticStartupListener INFO: adding statistic-filter to /webadmin
06.06.12 16:02:23 org.neo4j.server.statistic.StatisticStartupListener INFO: adding statistic-filter to /db/manage
06.06.12 16:02:23 org.neo4j.server.statistic.StatisticStartupListener INFO: adding statistic-filter to /db/data
06.06.12 16:02:23 org.neo4j.server.statistic.StatisticStartupListener INFO: adding statistic-filter to /
06.06.12 16:02:23 org.neo4j.server.NeoServerWithEmbeddedWebServer INFO: Server started on [http://localhost:7474/]
12.06.12 12:15:08 org.neo4j.server.NeoServerBootstrapper INFO: Neo4j Server shutdown initiated by kill signal
12.06.12 12:15:08 org.neo4j.server.statistic.StatisticStartupListener INFO: stopping filter
12.06.12 14:34:34 org.neo4j.server.NeoServerWithEmbeddedWebServer INFO: Starting Neo Server on port [7474] with [40] threads available
12.06.12 14:34:34 org.neo4j.server.NeoServerWithEmbeddedWebServer INFO: Enabling HTTPS on port [7473]
12.06.12 14:34:35 org.neo4j.server.database.Database INFO: Using database at /home/tobias/Downloads/neo4j-community-1.7/data/graph.db
12.06.12 14:34:37 org.neo4j.server.modules.DiscoveryModule INFO: Mounted discovery module at [/]
12.06.12 14:34:37 org.neo4j.server.plugins.PluginManager INFO: Loaded server plugin "CypherPlugin"
12.06.12 14:34:37 org.neo4j.server.plugins.PluginManager INFO: Loaded server plugin "GremlinPlugin"
12.06.12 14:34:37 org.neo4j.server.modules.RESTApiModule INFO: Mounted REST API at [/db/data/]
12.06.12 14:34:37 org.neo4j.server.modules.ManagementApiModule INFO: Mounted management API at [/db/manage/]
12.06.12 14:34:37 org.neo4j.server.modules.WebAdminModule INFO: Mounted webadmin at [/webadmin]
12.06.12 14:34:37 org.neo4j.server.web.Jetty6WebServer INFO: Mounting static content at [/webadmin] from [webadmin-html]
12.06.12 14:34:39 org.neo4j.server.statistic.StatisticStartupListener INFO: adding statistic-filter to /webadmin
12.06.12 14:34:39 org.neo4j.server.statistic.StatisticStartupListener INFO: adding statistic-filter to /db/manage
12.06.12 14:34:39 org.neo4j.server.statistic.StatisticStartupListener INFO: adding statistic-filter to /db/data
12.06.12 14:34:39 org.neo4j.server.statistic.StatisticStartupListener INFO: adding statistic-filter to /
12.06.12 14:34:39 org.neo4j.server.NeoServerWithEmbeddedWebServer INFO: Server started on [http://localhost:7474/]
14.06.12 12:47:39 org.neo4j.server.NeoServerBootstrapper INFO: Neo4j Server shutdown initiated by kill signal
14.06.12 12:47:39 org.neo4j.server.statistic.StatisticStartupListener INFO: stopping filter
14.06.12 17:14:20 org.neo4j.server.NeoServerWithEmbeddedWebServer INFO: Starting Neo Server on port [7474] with [40] threads available
14.06.12 17:14:20 org.neo4j.server.NeoServerWithEmbeddedWebServer INFO: Enabling HTTPS on port [7473]
14.06.12 17:14:21 org.neo4j.server.database.Database INFO: Using database at /home/tobias/Downloads/neo4j-community-1.7/data/graph.db
14.06.12 17:14:22 org.neo4j.server.modules.DiscoveryModule INFO: Mounted discovery module at [/]
14.06.12 17:14:22 org.neo4j.server.plugins.PluginManager INFO: Loaded server plugin "CypherPlugin"
14.06.12 17:14:22 org.neo4j.server.plugins.PluginManager INFO: Loaded server plugin "GremlinPlugin"
14.06.12 17:14:22 org.neo4j.server.modules.RESTApiModule INFO: Mounted REST API at [/db/data/]
14.06.12 17:14:22 org.neo4j.server.modules.ManagementApiModule INFO: Mounted management API at [/db/manage/]
14.06.12 17:14:22 org.neo4j.server.modules.WebAdminModule INFO: Mounted webadmin at [/webadmin]
14.06.12 17:14:22 org.neo4j.server.web.Jetty6WebServer INFO: Mounting static content at [/webadmin] from [webadmin-html]
14.06.12 17:14:24 org.neo4j.server.statistic.StatisticStartupListener INFO: adding statistic-filter to /webadmin
14.06.12 17:14:24 org.neo4j.server.statistic.StatisticStartupListener INFO: adding statistic-filter to /db/manage
14.06.12 17:14:24 org.neo4j.server.statistic.StatisticStartupListener INFO: adding statistic-filter to /db/data
14.06.12 17:14:24 org.neo4j.server.statistic.StatisticStartupListener INFO: adding statistic-filter to /
14.06.12 17:14:24 org.neo4j.server.NeoServerWithEmbeddedWebServer INFO: Server started on [http://localhost:7474/]
18.06.12 07:14:27 org.neo4j.server.NeoServerBootstrapper INFO: Neo4j Server shutdown initiated by kill signal
18.06.12 07:14:27 org.neo4j.server.statistic.StatisticStartupListener INFO: stopping filter
18.06.12 07:17:08 org.neo4j.server.NeoServerWithEmbeddedWebServer INFO: Starting Neo Server on port [7474] with [40] threads available
18.06.12 07:17:08 org.neo4j.server.NeoServerWithEmbeddedWebServer INFO: Enabling HTTPS on port [7473]
18.06.12 07:17:09 org.neo4j.server.database.Database INFO: Using database at /home/tobias/Downloads/neo4j-community-1.7/data/graph.db
18.06.12 07:17:12 org.neo4j.server.modules.DiscoveryModule INFO: Mounted discovery module at [/]
18.06.12 07:17:12 org.neo4j.server.plugins.PluginManager INFO: Loaded server plugin "CypherPlugin"
18.06.12 07:17:12 org.neo4j.server.plugins.PluginManager INFO: Loaded server plugin "GremlinPlugin"
18.06.12 07:17:12 org.neo4j.server.modules.RESTApiModule INFO: Mounted REST API at [/db/data/]
18.06.12 07:17:12 org.neo4j.server.modules.ManagementApiModule INFO: Mounted management API at [/db/manage/]
18.06.12 07:17:12 org.neo4j.server.modules.WebAdminModule INFO: Mounted webadmin at [/webadmin]
18.06.12 07:17:12 org.neo4j.server.web.Jetty6WebServer INFO: Mounting static content at [/webadmin] from [webadmin-html]
18.06.12 07:17:13 org.neo4j.server.statistic.StatisticStartupListener INFO: adding statistic-filter to /webadmin
18.06.12 07:17:13 org.neo4j.server.statistic.StatisticStartupListener INFO: adding statistic-filter to /db/manage
18.06.12 07:17:13 org.neo4j.server.statistic.StatisticStartupListener INFO: adding statistic-filter to /db/data
18.06.12 07:17:13 org.neo4j.server.statistic.StatisticStartupListener INFO: adding statistic-filter to /
18.06.12 07:17:13 org.neo4j.server.NeoServerWithEmbeddedWebServer INFO: Server started on [http://localhost:7474/]
18.06.12 12:43:51 org.neo4j.server.NeoServerBootstrapper INFO: Neo4j Server shutdown initiated by kill signal
18.06.12 12:43:58 org.neo4j.server.NeoServerWithEmbeddedWebServer INFO: Starting Neo Server on port [7474] with [40] threads available
18.06.12 12:43:58 org.neo4j.server.NeoServerWithEmbeddedWebServer INFO: Enabling HTTPS on port [7473]
18.06.12 12:43:59 org.neo4j.server.database.Database INFO: Using database at /home/tobias/Downloads/neo4j-community-1.7/data/graph.db
18.06.12 12:44:01 org.neo4j.server.modules.DiscoveryModule INFO: Mounted discovery module at [/]
18.06.12 12:44:01 org.neo4j.server.plugins.PluginManager INFO: Loaded server plugin "CypherPlugin"
18.06.12 12:44:01 org.neo4j.server.plugins.PluginManager INFO: Loaded server plugin "GremlinPlugin"
18.06.12 12:44:01 org.neo4j.server.modules.RESTApiModule INFO: Mounted REST API at [/db/data/]
18.06.12 12:44:01 org.neo4j.server.modules.ManagementApiModule INFO: Mounted management API at [/db/manage/]
18.06.12 12:44:01 org.neo4j.server.modules.WebAdminModule INFO: Mounted webadmin at [/webadmin]
18.06.12 12:44:01 org.neo4j.server.web.Jetty6WebServer INFO: Mounting static content at [/webadmin] from [webadmin-html]
18.06.12 12:44:02 org.neo4j.server.statistic.StatisticStartupListener INFO: adding statistic-filter to /webadmin
18.06.12 12:44:02 org.neo4j.server.statistic.StatisticStartupListener INFO: adding statistic-filter to /db/manage
18.06.12 12:44:02 org.neo4j.server.statistic.StatisticStartupListener INFO: adding statistic-filter to /db/data
18.06.12 12:44:02 org.neo4j.server.statistic.StatisticStartupListener INFO: adding statistic-filter to /
18.06.12 12:44:02 org.neo4j.server.NeoServerWithEmbeddedWebServer INFO: Server started on [http://localhost:7474/]
19.06.12 18:15:54 org.neo4j.server.NeoServerBootstrapper INFO: Neo4j Server shutdown initiated by kill signal
19.06.12 18:16:05 org.neo4j.server.NeoServerWithEmbeddedWebServer INFO: Starting Neo Server on port [7474] with [40] threads available
19.06.12 18:16:05 org.neo4j.server.NeoServerWithEmbeddedWebServer INFO: Enabling HTTPS on port [7473]
19.06.12 18:16:06 org.neo4j.server.database.Database INFO: Using database at /home/tobias/Downloads/neo4j-community-1.7/data/graph.db
19.06.12 18:16:07 org.neo4j.server.modules.DiscoveryModule INFO: Mounted discovery module at [/]
19.06.12 18:16:07 org.neo4j.server.plugins.PluginManager INFO: Loaded server plugin "CypherPlugin"
19.06.12 18:16:07 org.neo4j.server.plugins.PluginManager INFO: Loaded server plugin "GremlinPlugin"
19.06.12 18:16:07 org.neo4j.server.modules.RESTApiModule INFO: Mounted REST API at [/db/data/]
19.06.12 18:16:07 org.neo4j.server.modules.ManagementApiModule INFO: Mounted management API at [/db/manage/]
19.06.12 18:16:07 org.neo4j.server.modules.WebAdminModule INFO: Mounted webadmin at [/webadmin]
19.06.12 18:16:07 org.neo4j.server.web.Jetty6WebServer INFO: Mounting static content at [/webadmin] from [webadmin-html]
19.06.12 18:16:08 org.neo4j.server.statistic.StatisticStartupListener INFO: adding statistic-filter to /webadmin
19.06.12 18:16:08 org.neo4j.server.statistic.StatisticStartupListener INFO: adding statistic-filter to /db/manage
19.06.12 18:16:08 org.neo4j.server.statistic.StatisticStartupListener INFO: adding statistic-filter to /db/data
19.06.12 18:16:08 org.neo4j.server.statistic.StatisticStartupListener INFO: adding statistic-filter to /
19.06.12 18:16:08 org.neo4j.server.NeoServerWithEmbeddedWebServer INFO: Server started on [http://localhost:7474/]
24.06.12 21:43:34 org.neo4j.server.NeoServerBootstrapper INFO: Neo4j Server shutdown initiated by kill signal
24.06.12 21:43:35 org.neo4j.server.statistic.StatisticStartupListener INFO: stopping filter
25.06.12 00:34:11 org.neo4j.server.NeoServerWithEmbeddedWebServer INFO: Starting Neo Server on port [7474] with [40] threads available
25.06.12 00:34:11 org.neo4j.server.NeoServerWithEmbeddedWebServer INFO: Enabling HTTPS on port [7473]
25.06.12 00:34:12 org.neo4j.server.database.Database INFO: Using database at /home/tobias/Downloads/neo4j-community-1.7/data/graph.db
25.06.12 00:34:13 org.neo4j.server.modules.DiscoveryModule INFO: Mounted discovery module at [/]
25.06.12 00:34:13 org.neo4j.server.plugins.PluginManager INFO: Loaded server plugin "CypherPlugin"
25.06.12 00:34:13 org.neo4j.server.plugins.PluginManager INFO: Loaded server plugin "GremlinPlugin"
25.06.12 00:34:13 org.neo4j.server.modules.RESTApiModule INFO: Mounted REST API at [/db/data/]
25.06.12 00:34:13 org.neo4j.server.modules.ManagementApiModule INFO: Mounted management API at [/db/manage/]
25.06.12 00:34:13 org.neo4j.server.modules.WebAdminModule INFO: Mounted webadmin at [/webadmin]
25.06.12 00:34:13 org.neo4j.server.web.Jetty6WebServer INFO: Mounting static content at [/webadmin] from [webadmin-html]
25.06.12 00:34:15 org.neo4j.server.statistic.StatisticStartupListener INFO: adding statistic-filter to /webadmin
25.06.12 00:34:15 org.neo4j.server.statistic.StatisticStartupListener INFO: adding statistic-filter to /db/manage
25.06.12 00:34:15 org.neo4j.server.statistic.StatisticStartupListener INFO: adding statistic-filter to /db/data
25.06.12 00:34:15 org.neo4j.server.statistic.StatisticStartupListener INFO: adding statistic-filter to /
25.06.12 00:34:15 org.neo4j.server.NeoServerWithEmbeddedWebServer INFO: Server started on [http://localhost:7474/]
29.06.12 12:15:28 org.neo4j.server.NeoServerWithEmbeddedWebServer INFO: Starting Neo Server on port [7474] with [40] threads available
29.06.12 12:15:28 org.neo4j.server.NeoServerWithEmbeddedWebServer INFO: Enabling HTTPS on port [7473]
29.06.12 12:15:29 org.neo4j.server.database.Database INFO: Using database at /home/tobias/Downloads/neo4j-community-1.7/data/graph.db
29.06.12 12:15:31 org.neo4j.server.modules.DiscoveryModule INFO: Mounted discovery module at [/]
29.06.12 12:15:31 org.neo4j.server.plugins.PluginManager INFO: Loaded server plugin "CypherPlugin"
29.06.12 12:15:31 org.neo4j.server.plugins.PluginManager INFO: Loaded server plugin "GremlinPlugin"
29.06.12 12:15:31 org.neo4j.server.modules.RESTApiModule INFO: Mounted REST API at [/db/data/]
29.06.12 12:15:31 org.neo4j.server.modules.ManagementApiModule INFO: Mounted management API at [/db/manage/]
29.06.12 12:15:31 org.neo4j.server.modules.WebAdminModule INFO: Mounted webadmin at [/webadmin]
29.06.12 12:15:31 org.neo4j.server.web.Jetty6WebServer INFO: Mounting static content at [/webadmin] from [webadmin-html]
29.06.12 12:15:32 org.neo4j.server.statistic.StatisticStartupListener INFO: adding statistic-filter to /webadmin
29.06.12 12:15:32 org.neo4j.server.statistic.StatisticStartupListener INFO: adding statistic-filter to /db/manage
29.06.12 12:15:32 org.neo4j.server.statistic.StatisticStartupListener INFO: adding statistic-filter to /db/data
29.06.12 12:15:32 org.neo4j.server.statistic.StatisticStartupListener INFO: adding statistic-filter to /
29.06.12 12:15:32 org.neo4j.server.NeoServerWithEmbeddedWebServer INFO: Server started on [http://localhost:7474/]
19.07.12 09:15:54 org.neo4j.server.NeoServerBootstrapper INFO: Neo4j Server shutdown initiated by kill signal
19.07.12 09:15:54 org.neo4j.server.statistic.StatisticStartupListener INFO: stopping filter
19.07.12 09:45:35 org.neo4j.server.NeoServerWithEmbeddedWebServer INFO: Starting Neo Server on port [7474] with [40] threads available
19.07.12 09:45:36 org.neo4j.server.NeoServerWithEmbeddedWebServer INFO: Enabling HTTPS on port [7473]
19.07.12 09:45:37 org.neo4j.server.database.Database INFO: Using database at /home/tobias/Downloads/neo4j-community-1.7/data/graph.db
19.07.12 09:45:38 org.neo4j.server.modules.DiscoveryModule INFO: Mounted discovery module at [/]
19.07.12 09:45:39 org.neo4j.server.plugins.PluginManager INFO: Loaded server plugin "CypherPlugin"
19.07.12 09:45:39 org.neo4j.server.plugins.PluginManager INFO: Loaded server plugin "GremlinPlugin"
19.07.12 09:45:39 org.neo4j.server.modules.RESTApiModule INFO: Mounted REST API at [/db/data/]
19.07.12 09:45:39 org.neo4j.server.modules.ManagementApiModule INFO: Mounted management API at [/db/manage/]
19.07.12 09:45:39 org.neo4j.server.modules.WebAdminModule INFO: Mounted webadmin at [/webadmin]
19.07.12 09:45:39 org.neo4j.server.web.Jetty6WebServer INFO: Mounting static content at [/webadmin] from [webadmin-html]
19.07.12 09:45:40 org.neo4j.server.statistic.StatisticStartupListener INFO: adding statistic-filter to /webadmin
19.07.12 09:45:40 org.neo4j.server.statistic.StatisticStartupListener INFO: adding statistic-filter to /db/manage
19.07.12 09:45:40 org.neo4j.server.statistic.StatisticStartupListener INFO: adding statistic-filter to /db/data
19.07.12 09:45:40 org.neo4j.server.statistic.StatisticStartupListener INFO: adding statistic-filter to /
19.07.12 09:45:40 org.neo4j.server.NeoServerWithEmbeddedWebServer INFO: Server started on [http://localhost:7474/]
31.07.12 01:13:41 org.neo4j.server.NeoServerBootstrapper INFO: Neo4j Server shutdown initiated by kill signal
31.07.12 01:13:41 org.neo4j.server.statistic.StatisticStartupListener INFO: stopping filter
31.07.12 08:25:40 org.neo4j.server.NeoServerWithEmbeddedWebServer INFO: Starting Neo Server on port [7474] with [40] threads available
31.07.12 08:25:40 org.neo4j.server.NeoServerWithEmbeddedWebServer INFO: Enabling HTTPS on port [7473]
31.07.12 08:25:41 org.neo4j.server.database.Database INFO: Using database at /home/tobias/Downloads/neo4j-community-1.7/data/graph.db
31.07.12 08:25:42 org.neo4j.server.modules.DiscoveryModule INFO: Mounted discovery module at [/]
31.07.12 08:25:43 org.neo4j.server.plugins.PluginManager INFO: Loaded server plugin "CypherPlugin"
31.07.12 08:25:43 org.neo4j.server.plugins.PluginManager INFO: Loaded server plugin "GremlinPlugin"
31.07.12 08:25:43 org.neo4j.server.modules.RESTApiModule INFO: Mounted REST API at [/db/data/]
31.07.12 08:25:43 org.neo4j.server.modules.ManagementApiModule INFO: Mounted management API at [/db/manage/]
31.07.12 08:25:43 org.neo4j.server.modules.WebAdminModule INFO: Mounted webadmin at [/webadmin]
31.07.12 08:25:43 org.neo4j.server.web.Jetty6WebServer INFO: Mounting static content at [/webadmin] from [webadmin-html]
31.07.12 08:25:44 org.neo4j.server.statistic.StatisticStartupListener INFO: adding statistic-filter to /webadmin
31.07.12 08:25:44 org.neo4j.server.statistic.StatisticStartupListener INFO: adding statistic-filter to /db/manage
31.07.12 08:25:44 org.neo4j.server.statistic.StatisticStartupListener INFO: adding statistic-filter to /db/data
31.07.12 08:25:44 org.neo4j.server.statistic.StatisticStartupListener INFO: adding statistic-filter to /
31.07.12 08:25:44 org.neo4j.server.NeoServerWithEmbeddedWebServer INFO: Server started on [http://localhost:7474/]
06.08.12 01:17:41 org.neo4j.server.NeoServerWithEmbeddedWebServer INFO: Starting Neo Server on port [7474] with [40] threads available
06.08.12 01:17:42 org.neo4j.server.NeoServerWithEmbeddedWebServer INFO: Enabling HTTPS on port [7473]
06.08.12 01:17:42 org.neo4j.server.database.Database INFO: Using database at /home/tobias/Downloads/neo4j-community-1.7/data/graph.db
06.08.12 01:17:54 org.neo4j.server.modules.DiscoveryModule INFO: Mounted discovery module at [/]
06.08.12 01:17:54 org.neo4j.server.plugins.PluginManager INFO: Loaded server plugin "CypherPlugin"
06.08.12 01:17:54 org.neo4j.server.plugins.PluginManager INFO: Loaded server plugin "GremlinPlugin"
06.08.12 01:17:54 org.neo4j.server.modules.RESTApiModule INFO: Mounted REST API at [/db/data/]
06.08.12 01:17:54 org.neo4j.server.modules.ManagementApiModule INFO: Mounted management API at [/db/manage/]
06.08.12 01:17:54 org.neo4j.server.modules.WebAdminModule INFO: Mounted webadmin at [/webadmin]
06.08.12 01:17:54 org.neo4j.server.web.Jetty6WebServer INFO: Mounting static content at [/webadmin] from [webadmin-html]
06.08.12 01:17:55 org.neo4j.server.statistic.StatisticStartupListener INFO: adding statistic-filter to /webadmin
06.08.12 01:17:55 org.neo4j.server.statistic.StatisticStartupListener INFO: adding statistic-filter to /db/manage
06.08.12 01:17:55 org.neo4j.server.statistic.StatisticStartupListener INFO: adding statistic-filter to /db/data
06.08.12 01:17:55 org.neo4j.server.statistic.StatisticStartupListener INFO: adding statistic-filter to /
06.08.12 01:17:55 org.neo4j.server.NeoServerWithEmbeddedWebServer INFO: Server started on [http://localhost:7474/]
08.09.12 23:31:01 org.neo4j.server.NeoServerWithEmbeddedWebServer INFO: Starting Neo Server on port [7474] with [40] threads available
08.09.12 23:31:01 org.neo4j.server.NeoServerWithEmbeddedWebServer INFO: Enabling HTTPS on port [7473]
08.09.12 23:31:02 org.neo4j.server.database.Database INFO: Using database at /home/tobias/Downloads/neo4j-community-1.7/data/graph.db
08.09.12 23:31:11 org.neo4j.server.modules.DiscoveryModule INFO: Mounted discovery module at [/]
08.09.12 23:31:11 org.neo4j.server.plugins.PluginManager INFO: Loaded server plugin "CypherPlugin"
08.09.12 23:31:11 org.neo4j.server.plugins.PluginManager INFO: Loaded server plugin "GremlinPlugin"
08.09.12 23:31:11 org.neo4j.server.modules.RESTApiModule INFO: Mounted REST API at [/db/data/]
08.09.12 23:31:11 org.neo4j.server.modules.ManagementApiModule INFO: Mounted management API at [/db/manage/]
08.09.12 23:31:11 org.neo4j.server.modules.WebAdminModule INFO: Mounted webadmin at [/webadmin]
08.09.12 23:31:11 org.neo4j.server.web.Jetty6WebServer INFO: Mounting static content at [/webadmin] from [webadmin-html]
08.09.12 23:31:13 org.neo4j.server.statistic.StatisticStartupListener INFO: adding statistic-filter to /webadmin
08.09.12 23:31:13 org.neo4j.server.statistic.StatisticStartupListener INFO: adding statistic-filter to /db/manage
08.09.12 23:31:13 org.neo4j.server.statistic.StatisticStartupListener INFO: adding statistic-filter to /db/data
08.09.12 23:31:13 org.neo4j.server.statistic.StatisticStartupListener INFO: adding statistic-filter to /
08.09.12 23:31:13 org.neo4j.server.NeoServerWithEmbeddedWebServer INFO: Server started on [http://localhost:7474/]
08.09.12 23:45:24 org.neo4j.server.NeoServerBootstrapper INFO: Neo4j Server shutdown initiated by kill signal
08.09.12 23:45:24 org.neo4j.server.statistic.StatisticStartupListener INFO: stopping filter
22.10.12 11:39:55 org.neo4j.server.NeoServerWithEmbeddedWebServer INFO: Starting Neo Server on port [7474] with [40] threads available
22.10.12 11:39:56 org.neo4j.server.NeoServerWithEmbeddedWebServer INFO: Enabling HTTPS on port [7473]
22.10.12 11:39:56 org.neo4j.server.database.Database INFO: Using database at /home/tobias/Downloads/neo4j-community-1.7/data/graph.db
22.10.12 11:39:58 org.neo4j.server.modules.DiscoveryModule INFO: Mounted discovery module at [/]
22.10.12 11:39:58 org.neo4j.server.plugins.PluginManager INFO: Loaded server plugin "CypherPlugin"
22.10.12 11:39:58 org.neo4j.server.plugins.PluginManager INFO: Loaded server plugin "GremlinPlugin"
22.10.12 11:39:58 org.neo4j.server.modules.RESTApiModule INFO: Mounted REST API at [/db/data/]
22.10.12 11:39:58 org.neo4j.server.modules.ManagementApiModule INFO: Mounted management API at [/db/manage/]
22.10.12 11:39:58 org.neo4j.server.modules.WebAdminModule INFO: Mounted webadmin at [/webadmin]
22.10.12 11:39:58 org.neo4j.server.web.Jetty6WebServer INFO: Mounting static content at [/webadmin] from [webadmin-html]
22.10.12 11:40:00 org.neo4j.server.statistic.StatisticStartupListener INFO: adding statistic-filter to /webadmin
22.10.12 11:40:00 org.neo4j.server.statistic.StatisticStartupListener INFO: adding statistic-filter to /db/manage
22.10.12 11:40:00 org.neo4j.server.statistic.StatisticStartupListener INFO: adding statistic-filter to /db/data
22.10.12 11:40:00 org.neo4j.server.statistic.StatisticStartupListener INFO: adding statistic-filter to /
22.10.12 11:40:00 org.neo4j.server.NeoServerWithEmbeddedWebServer INFO: Server started on [http://localhost:7474/]
23.10.12 10:01:04 org.neo4j.server.NeoServerBootstrapper INFO: Neo4j Server shutdown initiated by kill signal
23.10.12 10:01:04 org.neo4j.server.statistic.StatisticStartupListener INFO: stopping filter
23.10.12 18:49:01 org.neo4j.server.NeoServerWithEmbeddedWebServer INFO: Starting Neo Server on port [7474] with [40] threads available
23.10.12 18:49:01 org.neo4j.server.NeoServerWithEmbeddedWebServer INFO: Enabling HTTPS on port [7473]
23.10.12 18:49:02 org.neo4j.server.database.Database INFO: Using database at /home/tobias/Downloads/neo4j-community-1.7/data/graph.db
23.10.12 18:49:04 org.neo4j.server.modules.DiscoveryModule INFO: Mounted discovery module at [/]
23.10.12 18:49:04 org.neo4j.server.plugins.PluginManager INFO: Loaded server plugin "CypherPlugin"
23.10.12 18:49:04 org.neo4j.server.plugins.PluginManager INFO: Loaded server plugin "GremlinPlugin"
23.10.12 18:49:04 org.neo4j.server.modules.RESTApiModule INFO: Mounted REST API at [/db/data/]
23.10.12 18:49:04 org.neo4j.server.modules.ManagementApiModule INFO: Mounted management API at [/db/manage/]
23.10.12 18:49:04 org.neo4j.server.modules.WebAdminModule INFO: Mounted webadmin at [/webadmin]
23.10.12 18:49:04 org.neo4j.server.web.Jetty6WebServer INFO: Mounting static content at [/webadmin] from [webadmin-html]
23.10.12 18:49:05 org.neo4j.server.statistic.StatisticStartupListener INFO: adding statistic-filter to /webadmin
23.10.12 18:49:05 org.neo4j.server.statistic.StatisticStartupListener INFO: adding statistic-filter to /db/manage
23.10.12 18:49:05 org.neo4j.server.statistic.StatisticStartupListener INFO: adding statistic-filter to /db/data
23.10.12 18:49:05 org.neo4j.server.statistic.StatisticStartupListener INFO: adding statistic-filter to /
23.10.12 18:49:05 org.neo4j.server.NeoServerWithEmbeddedWebServer INFO: Server started on [http://localhost:7474/]
03.11.12 23:44:27 org.neo4j.server.NeoServerBootstrapper INFO: Neo4j Server shutdown initiated by kill signal
06.11.12 07:41:09 org.neo4j.server.NeoServerWithEmbeddedWebServer INFO: Starting Neo Server on port [7474] with [40] threads available
06.11.12 07:41:09 org.neo4j.server.NeoServerWithEmbeddedWebServer INFO: Enabling HTTPS on port [7473]
06.11.12 07:41:10 org.neo4j.server.database.Database INFO: Using database at /home/tobias/Downloads/neo4j-community-1.7/data/graph.db
06.11.12 07:41:11 org.neo4j.server.modules.DiscoveryModule INFO: Mounted discovery module at [/]
06.11.12 07:41:11 org.neo4j.server.plugins.PluginManager INFO: Loaded server plugin "CypherPlugin"
06.11.12 07:41:11 org.neo4j.server.plugins.PluginManager INFO: Loaded server plugin "GremlinPlugin"
06.11.12 07:41:11 org.neo4j.server.modules.RESTApiModule INFO: Mounted REST API at [/db/data/]
06.11.12 07:41:11 org.neo4j.server.modules.ManagementApiModule INFO: Mounted management API at [/db/manage/]
06.11.12 07:41:12 org.neo4j.server.modules.WebAdminModule INFO: Mounted webadmin at [/webadmin]
06.11.12 07:41:12 org.neo4j.server.web.Jetty6WebServer INFO: Mounting static content at [/webadmin] from [webadmin-html]
06.11.12 07:41:13 org.neo4j.server.statistic.StatisticStartupListener INFO: adding statistic-filter to /webadmin
06.11.12 07:41:13 org.neo4j.server.statistic.StatisticStartupListener INFO: adding statistic-filter to /db/manage
06.11.12 07:41:13 org.neo4j.server.statistic.StatisticStartupListener INFO: adding statistic-filter to /db/data
06.11.12 07:41:13 org.neo4j.server.statistic.StatisticStartupListener INFO: adding statistic-filter to /
06.11.12 07:41:13 org.neo4j.server.NeoServerWithEmbeddedWebServer INFO: Server started on [http://localhost:7474/]
09.11.12 08:08:47 org.neo4j.server.NeoServerBootstrapper INFO: Neo4j Server shutdown initiated by kill signal
09.11.12 08:08:47 org.neo4j.server.statistic.StatisticStartupListener INFO: stopping filter
09.11.12 08:09:00 org.neo4j.server.NeoServerWithEmbeddedWebServer INFO: Starting Neo Server on port [7474] with [40] threads available
09.11.12 08:09:01 org.neo4j.server.NeoServerWithEmbeddedWebServer INFO: Enabling HTTPS on port [7473]
09.11.12 08:09:02 org.neo4j.server.database.Database INFO: Using database at /home/tobias/Downloads/neo4j-community-1.7/data/graph.db
09.11.12 08:09:03 org.neo4j.server.modules.DiscoveryModule INFO: Mounted discovery module at [/]
09.11.12 08:09:03 org.neo4j.server.plugins.PluginManager INFO: Loaded server plugin "CypherPlugin"
09.11.12 08:09:03 org.neo4j.server.plugins.PluginManager INFO: Loaded server plugin "GremlinPlugin"
09.11.12 08:09:03 org.neo4j.server.modules.RESTApiModule INFO: Mounted REST API at [/db/data/]
09.11.12 08:09:03 org.neo4j.server.modules.ManagementApiModule INFO: Mounted management API at [/db/manage/]
09.11.12 08:09:03 org.neo4j.server.modules.WebAdminModule INFO: Mounted webadmin at [/webadmin]
09.11.12 08:09:03 org.neo4j.server.web.Jetty6WebServer INFO: Mounting static content at [/webadmin] from [webadmin-html]
09.11.12 08:09:05 org.neo4j.server.statistic.StatisticStartupListener INFO: adding statistic-filter to /webadmin
09.11.12 08:09:05 org.neo4j.server.statistic.StatisticStartupListener INFO: adding statistic-filter to /db/manage
09.11.12 08:09:05 org.neo4j.server.statistic.StatisticStartupListener INFO: adding statistic-filter to /db/data
09.11.12 08:09:05 org.neo4j.server.statistic.StatisticStartupListener INFO: adding statistic-filter to /
09.11.12 08:09:05 org.neo4j.server.NeoServerWithEmbeddedWebServer INFO: Server started on [http://localhost:7474/]
